sdf = 28×3 DataFrame
│ Row │ x     │ variable │ value   │
│     │ Int64 │ Cat…     │ Float64 │
├─────┼───────┼──────────┼─────────┤
│ 1   │ 1     │ A        │ 2.0     │
│ 2   │ 2     │ A        │ 3.0     │
│ 3   │ 3     │ A        │ 4.0     │
│ 4   │ 4     │ A        │ 5.0     │
│ 5   │ 5     │ A        │ 6.0     │
│ 6   │ 6     │ A        │ 7.0     │
│ 7   │ 7     │ A        │ 8.0     │
│ 8   │ 1     │ B        │ 3.5     │
│ 9   │ 2     │ B        │ 4.0     │
│ 10  │ 3     │ B        │ 4.5     │
│ 11  │ 4     │ B        │ 5.0     │
│ 12  │ 5     │ B        │ 5.5     │
│ 13  │ 6     │ B        │ 6.0     │
│ 14  │ 7     │ B        │ 6.5     │
│ 15  │ 1     │ C        │ 5.0     │
│ 16  │ 2     │ C        │ 5.0     │
│ 17  │ 3     │ C        │ 5.0     │
│ 18  │ 4     │ C        │ 5.0     │
│ 19  │ 5     │ C        │ 5.0     │
│ 20  │ 6     │ C        │ 5.0     │
│ 21  │ 7     │ C        │ 5.0     │
│ 22  │ 1     │ D        │ 8.0     │
│ 23  │ 2     │ D        │ 7.0     │
│ 24  │ 3     │ D        │ 6.0     │
│ 25  │ 4     │ D        │ 5.0     │
│ 26  │ 5     │ D        │ 4.0     │
│ 27  │ 6     │ D        │ 3.0     │
│ 28  │ 7     │ D        │ 2.0     │
