This is LuaTeX, Version 1.0.4 (TeX Live 2017/Debian)  (format=lualatex 2020.11.1)  1 NOV 2020 16:53
 system commands enabled.
**./jl_WD5Tfs/controlle.tex
(./jl_WD5Tfs/controlle.tex
LaTeX2e <2017-04-15>
[\directlua]:1: module 'luaotfload-main' not found:
	no field package.preload['luaotfload-main']
	[kpse lua searcher] file not found: 'luaotfload-main'
	[kpse C searcher] file not found: 'luaotfload-main'
Error in luaotfload: reverting to OT1
Babel <3.18> and hyphenation patterns for 1 language(s) loaded.

! LaTeX Error: File `standalone.cls' not found.

Type X to quit or <RETURN> to proceed,
or enter new name. (Default extension: cls)

Enter file name: 
! Emergency stop.
<read *> 
   
l.2 \usepackage
             {tikz}
End of file on the terminal!



Here is how much of LuaTeX's memory you used:
 14 strings out of 494480
 100000,89155 words of node,token memory allocated 239 words of node memory still in use:
   1 dir, 34 glue_spec nodes
   avail lists: 2:12,3:1,4:1
 4259 multiletter control sequences out of 65536+600000
 14 fonts using 591679 bytes
 10i,0n,7p,59b,15s stack positions out of 5000i,500n,10000p,200000b,100000s
!  ==> Fatal error occurred, no output PDF file produced!
