df = 18×4 DataFrame
│ Row │ I     │ H       │ W       │ Y    │
│     │ Int64 │ Float64 │ Float64 │ Bool │
├─────┼───────┼─────────┼─────────┼──────┤
│ 1   │ 1     │ 13.19   │ 7.91    │ 1    │
│ 2   │ 2     │ 14.05   │ 8.43    │ 0    │
│ 3   │ 3     │ 13.14   │ 7.88    │ 1    │
│ 4   │ 4     │ 12.46   │ 7.48    │ 0    │
│ 5   │ 5     │ 11.6    │ 6.96    │ 1    │
│ 6   │ 6     │ 11.34   │ 6.8     │ 0    │
│ 7   │ 7     │ 12.98   │ 7.79    │ 1    │
│ 8   │ 8     │ 11.92   │ 7.15    │ 0    │
│ 9   │ 9     │ 12.27   │ 7.36    │ 1    │
│ 10  │ 10    │ 11.81   │ 7.09    │ 0    │
│ 11  │ 11    │ 11.66   │ 7.0     │ 1    │
│ 12  │ 12    │ 11.16   │ 6.7     │ 0    │
│ 13  │ 13    │ 11.11   │ 6.67    │ 1    │
│ 14  │ 14    │ 12.33   │ 7.4     │ 0    │
│ 15  │ 15    │ 12.59   │ 7.55    │ 1    │
│ 16  │ 16    │ 12.37   │ 7.42    │ 0    │
│ 17  │ 17    │ 11.72   │ 7.03    │ 1    │
│ 18  │ 18    │ 11.27   │ 6.76    │ 0    │
